2016-09-12 21:08:17,767 INFO: growberry_web startup [in /Users/austinmeier/Documents/jaiswal/git/growberry_web/app/__init__.py:40]
2016-09-12 21:11:18,375 INFO: growberry_web startup [in /Users/austinmeier/Documents/jaiswal/git/growberry_web/app/__init__.py:40]
2016-09-12 21:11:18,845 INFO: growberry_web startup [in /Users/austinmeier/Documents/jaiswal/git/growberry_web/app/__init__.py:40]
2016-09-12 21:32:53,277 INFO: growberry_web startup [in /Users/austinmeier/Documents/jaiswal/git/growberry_web/app/__init__.py:40]
2016-09-12 21:32:53,745 INFO: growberry_web startup [in /Users/austinmeier/Documents/jaiswal/git/growberry_web/app/__init__.py:40]
2016-09-12 21:37:12,066 INFO: growberry_web startup [in /Users/austinmeier/Documents/jaiswal/git/growberry_web/app/__init__.py:40]
2016-09-12 21:37:52,210 INFO: growberry_web startup [in /Users/austinmeier/Documents/jaiswal/git/growberry_web/app/__init__.py:40]
2016-09-12 21:37:52,589 INFO: growberry_web startup [in /Users/austinmeier/Documents/jaiswal/git/growberry_web/app/__init__.py:40]
2016-09-12 21:39:03,928 INFO: growberry_web startup [in /Users/austinmeier/Documents/jaiswal/git/growberry_web/app/__init__.py:40]
2016-09-12 21:44:31,063 INFO: growberry_web startup [in /Users/austinmeier/Documents/jaiswal/git/growberry_web/app/__init__.py:40]
2016-09-12 21:46:36,215 INFO: growberry_web startup [in /Users/austinmeier/Documents/jaiswal/git/growberry_web/app/__init__.py:40]
2016-09-12 21:48:35,181 INFO: growberry_web startup [in /Users/austinmeier/Documents/jaiswal/git/growberry_web/app/__init__.py:40]
2016-09-12 21:48:47,011 INFO: growberry_web startup [in /Users/austinmeier/Documents/jaiswal/git/growberry_web/app/__init__.py:40]
2016-09-12 22:00:42,825 INFO: growberry_web startup [in /Users/austinmeier/Documents/jaiswal/git/growberry_web/app/__init__.py:40]
2016-09-12 22:01:11,838 INFO: growberry_web startup [in /Users/austinmeier/Documents/jaiswal/git/growberry_web/app/__init__.py:40]
2016-09-12 22:01:14,419 INFO: growberry_web startup [in /Users/austinmeier/Documents/jaiswal/git/growberry_web/app/__init__.py:40]
2016-09-12 22:18:16,458 INFO: growberry_web startup [in /Users/austinmeier/Documents/jaiswal/git/growberry_web/app/__init__.py:40]
2016-09-12 22:18:58,711 INFO: growberry_web startup [in /Users/austinmeier/Documents/jaiswal/git/growberry_web/app/__init__.py:40]
2016-09-12 22:20:40,549 INFO: growberry_web startup [in /Users/austinmeier/Documents/jaiswal/git/growberry_web/app/__init__.py:40]
2016-09-12 22:26:51,073 INFO: growberry_web startup [in /Users/austinmeier/Documents/jaiswal/git/growberry_web/app/__init__.py:40]
2016-09-12 22:43:24,524 INFO: growberry_web startup [in /Users/austinmeier/Documents/jaiswal/git/growberry_web/app/__init__.py:40]
2016-09-12 22:47:16,640 INFO: growberry_web startup [in /Users/austinmeier/Documents/jaiswal/git/growberry_web/app/__init__.py:40]
2016-09-12 22:47:17,128 INFO: growberry_web startup [in /Users/austinmeier/Documents/jaiswal/git/growberry_web/app/__init__.py:40]
2016-09-12 23:08:34,816 INFO: growberry_web startup [in /Users/austinmeier/Documents/jaiswal/git/growberry_web/app/__init__.py:40]
2016-09-12 23:08:44,116 INFO: growberry_web startup [in /Users/austinmeier/Documents/jaiswal/git/growberry_web/app/__init__.py:40]
2016-09-12 23:09:48,678 INFO: growberry_web startup [in /Users/austinmeier/Documents/jaiswal/git/growberry_web/app/__init__.py:40]
2016-09-12 23:11:59,187 INFO: growberry_web startup [in /Users/austinmeier/Documents/jaiswal/git/growberry_web/app/__init__.py:40]
2016-09-12 23:12:58,044 INFO: growberry_web startup [in /Users/austinmeier/Documents/jaiswal/git/growberry_web/app/__init__.py:40]
2016-09-13 20:07:55,385 INFO: growberry_web startup [in /Users/austinmeier/Documents/jaiswal/git/growberry_web/app/__init__.py:40]
2016-09-13 20:08:18,803 INFO: growberry_web startup [in /Users/austinmeier/Documents/jaiswal/git/growberry_web/app/__init__.py:40]
2016-09-13 20:08:51,142 INFO: growberry_web startup [in /Users/austinmeier/Documents/jaiswal/git/growberry_web/app/__init__.py:40]
2016-09-13 20:08:51,519 INFO: growberry_web startup [in /Users/austinmeier/Documents/jaiswal/git/growberry_web/app/__init__.py:40]
2016-09-13 20:13:06,580 INFO: growberry_web startup [in /Users/austinmeier/Documents/jaiswal/git/growberry_web/app/__init__.py:40]
2016-09-13 20:25:31,457 INFO: growberry_web startup [in /Users/austinmeier/Documents/jaiswal/git/growberry_web/app/__init__.py:40]
2016-09-13 20:30:08,100 INFO: growberry_web startup [in /Users/austinmeier/Documents/jaiswal/git/growberry_web/app/__init__.py:40]
2016-09-13 20:54:14,510 INFO: growberry_web startup [in /Users/austinmeier/Documents/jaiswal/git/growberry_web/app/__init__.py:40]
2016-09-13 22:15:34,900 INFO: growberry_web startup [in /Users/austinmeier/Documents/jaiswal/git/growberry_web/app/__init__.py:40]
2016-09-13 22:22:52,919 INFO: growberry_web startup [in /Users/austinmeier/Documents/jaiswal/git/growberry_web/app/__init__.py:40]
2016-09-13 22:29:33,937 INFO: growberry_web startup [in /Users/austinmeier/Documents/jaiswal/git/growberry_web/app/__init__.py:40]
2016-09-13 22:33:23,931 INFO: growberry_web startup [in /Users/austinmeier/Documents/jaiswal/git/growberry_web/app/__init__.py:40]
2016-09-13 22:33:24,296 INFO: growberry_web startup [in /Users/austinmeier/Documents/jaiswal/git/growberry_web/app/__init__.py:40]
2016-09-13 22:50:09,056 INFO: growberry_web startup [in /Users/austinmeier/Documents/jaiswal/git/growberry_web/app/__init__.py:40]
2016-09-13 22:53:42,590 INFO: growberry_web startup [in /Users/austinmeier/Documents/jaiswal/git/growberry_web/app/__init__.py:40]
2016-09-13 22:58:52,219 INFO: growberry_web startup [in /Users/austinmeier/Documents/jaiswal/git/growberry_web/app/__init__.py:40]
2016-09-13 22:59:35,094 INFO: growberry_web startup [in /Users/austinmeier/Documents/jaiswal/git/growberry_web/app/__init__.py:40]
2016-09-13 23:07:55,518 INFO: growberry_web startup [in /Users/austinmeier/Documents/jaiswal/git/growberry_web/app/__init__.py:40]
2016-09-13 23:09:59,232 INFO: growberry_web startup [in /Users/austinmeier/Documents/jaiswal/git/growberry_web/app/__init__.py:40]
2016-09-13 23:12:19,029 INFO: growberry_web startup [in /Users/austinmeier/Documents/jaiswal/git/growberry_web/app/__init__.py:40]
2016-09-14 18:19:22,176 INFO: growberry_web startup [in /Users/austinmeier/Documents/jaiswal/git/growberry_web/app/__init__.py:40]
2016-09-14 18:48:10,256 INFO: growberry_web startup [in /Users/austinmeier/Documents/jaiswal/git/growberry_web/app/__init__.py:40]
2016-09-14 18:51:07,622 INFO: growberry_web startup [in /Users/austinmeier/Documents/jaiswal/git/growberry_web/app/__init__.py:40]
2016-09-14 18:51:13,204 INFO: growberry_web startup [in /Users/austinmeier/Documents/jaiswal/git/growberry_web/app/__init__.py:40]
2016-09-14 18:51:13,549 INFO: growberry_web startup [in /Users/austinmeier/Documents/jaiswal/git/growberry_web/app/__init__.py:40]
2016-09-14 18:55:54,726 INFO: growberry_web startup [in /Users/austinmeier/Documents/jaiswal/git/growberry_web/app/__init__.py:40]
2016-09-14 19:02:11,282 INFO: growberry_web startup [in /Users/austinmeier/Documents/jaiswal/git/growberry_web/app/__init__.py:40]
2016-09-14 19:15:37,020 INFO: growberry_web startup [in /Users/austinmeier/Documents/jaiswal/git/growberry_web/app/__init__.py:40]
2016-09-14 19:39:55,829 INFO: growberry_web startup [in /Users/austinmeier/Documents/jaiswal/git/growberry_web/app/__init__.py:40]
2016-09-14 20:53:16,026 INFO: growberry_web startup [in /Users/austinmeier/Documents/jaiswal/git/growberry_web/app/__init__.py:40]
2016-09-14 21:07:00,627 INFO: growberry_web startup [in app/__init__.py:40]
2016-09-14 21:14:00,797 INFO: growberry_web startup [in /Users/austinmeier/Documents/jaiswal/git/growberry_web/app/__init__.py:40]
2016-09-14 21:14:21,698 INFO: growberry_web startup [in /Users/austinmeier/Documents/jaiswal/git/growberry_web/app/__init__.py:40]
2016-09-14 21:15:43,055 INFO: growberry_web startup [in app/__init__.py:40]
2016-09-14 21:21:27,096 INFO: growberry_web startup [in /Users/austinmeier/Documents/jaiswal/git/growberry_web/app/__init__.py:40]
2016-09-14 21:27:24,343 INFO: growberry_web startup [in /Users/austinmeier/Documents/jaiswal/git/growberry_web/app/__init__.py:40]
2016-09-14 21:29:07,548 INFO: growberry_web startup [in /Users/austinmeier/Documents/jaiswal/git/growberry_web/app/__init__.py:40]
2016-09-14 21:29:07,901 INFO: growberry_web startup [in /Users/austinmeier/Documents/jaiswal/git/growberry_web/app/__init__.py:40]
2016-09-14 21:30:11,398 INFO: growberry_web startup [in app/__init__.py:40]
2016-09-14 21:32:45,017 INFO: growberry_web startup [in /Users/austinmeier/Documents/jaiswal/git/growberry_web/app/__init__.py:40]
2016-09-14 21:54:07,991 INFO: growberry_web startup [in /Users/austinmeier/Documents/jaiswal/git/growberry_web/app/__init__.py:40]
2016-09-14 22:04:21,449 INFO: growberry_web startup [in /Users/austinmeier/Documents/jaiswal/git/growberry_web/app/__init__.py:40]
2016-09-14 22:05:56,703 INFO: growberry_web startup [in /Users/austinmeier/Documents/jaiswal/git/growberry_web/app/__init__.py:40]
2016-09-14 22:05:57,094 INFO: growberry_web startup [in /Users/austinmeier/Documents/jaiswal/git/growberry_web/app/__init__.py:40]
2016-09-14 22:07:29,635 INFO: growberry_web startup [in /Users/austinmeier/Documents/jaiswal/git/growberry_web/app/__init__.py:40]
2016-09-14 22:08:47,906 INFO: growberry_web startup [in /Users/austinmeier/Documents/jaiswal/git/growberry_web/app/__init__.py:40]
2016-09-14 22:10:03,126 INFO: growberry_web startup [in /Users/austinmeier/Documents/jaiswal/git/growberry_web/app/__init__.py:40]
2016-09-14 22:12:00,973 INFO: growberry_web startup [in /Users/austinmeier/Documents/jaiswal/git/growberry_web/app/__init__.py:40]
2016-09-14 22:12:47,641 INFO: growberry_web startup [in /Users/austinmeier/Documents/jaiswal/git/growberry_web/app/__init__.py:40]
2016-09-14 22:12:48,010 INFO: growberry_web startup [in /Users/austinmeier/Documents/jaiswal/git/growberry_web/app/__init__.py:40]
2016-09-14 22:18:49,358 INFO: growberry_web startup [in /Users/austinmeier/Documents/jaiswal/git/growberry_web/app/__init__.py:40]
2016-09-14 22:19:50,559 INFO: growberry_web startup [in /Users/austinmeier/Documents/jaiswal/git/growberry_web/app/__init__.py:40]
2016-09-14 22:21:47,651 INFO: growberry_web startup [in /Users/austinmeier/Documents/jaiswal/git/growberry_web/app/__init__.py:40]
2016-09-14 22:21:48,123 INFO: growberry_web startup [in /Users/austinmeier/Documents/jaiswal/git/growberry_web/app/__init__.py:40]
2016-09-14 22:29:13,735 INFO: growberry_web startup [in /Users/austinmeier/Documents/jaiswal/git/growberry_web/app/__init__.py:40]
2016-09-14 22:30:54,228 INFO: growberry_web startup [in app/__init__.py:40]
2016-09-14 22:37:04,948 INFO: growberry_web startup [in /Users/austinmeier/Documents/jaiswal/git/growberry_web/app/__init__.py:40]
2016-09-14 22:38:02,758 INFO: growberry_web startup [in /Users/austinmeier/Documents/jaiswal/git/growberry_web/app/__init__.py:40]
2016-09-14 22:38:21,760 INFO: growberry_web startup [in /Users/austinmeier/Documents/jaiswal/git/growberry_web/app/__init__.py:40]
2016-09-14 22:38:30,221 INFO: growberry_web startup [in /Users/austinmeier/Documents/jaiswal/git/growberry_web/app/__init__.py:40]
2016-09-14 22:38:30,596 INFO: growberry_web startup [in /Users/austinmeier/Documents/jaiswal/git/growberry_web/app/__init__.py:40]
2016-09-15 18:11:56,716 INFO: growberry_web startup [in /Users/austinmeier/Documents/jaiswal/git/growberry_web/app/__init__.py:40]
2016-09-15 18:14:21,812 INFO: growberry_web startup [in /Users/austinmeier/Documents/jaiswal/git/growberry_web/app/__init__.py:40]
2016-09-15 18:26:24,460 INFO: growberry_web startup [in /Users/austinmeier/Documents/jaiswal/git/growberry_web/app/__init__.py:40]
2016-09-15 18:26:25,023 INFO: growberry_web startup [in /Users/austinmeier/Documents/jaiswal/git/growberry_web/app/__init__.py:40]
2016-09-15 18:26:43,759 INFO: growberry_web startup [in /Users/austinmeier/Documents/jaiswal/git/growberry_web/app/__init__.py:40]
2016-09-15 18:27:16,160 INFO: growberry_web startup [in /Users/austinmeier/Documents/jaiswal/git/growberry_web/app/__init__.py:40]
2016-09-15 18:27:16,634 INFO: growberry_web startup [in /Users/austinmeier/Documents/jaiswal/git/growberry_web/app/__init__.py:40]
2016-09-15 21:58:37,217 INFO: growberry_web startup [in /Users/austinmeier/Documents/jaiswal/git/growberry_web/app/__init__.py:40]
2016-09-15 22:08:35,919 INFO: growberry_web startup [in /Users/austinmeier/Documents/jaiswal/git/growberry_web/app/__init__.py:40]
2016-09-15 22:35:07,651 INFO: growberry_web startup [in /Users/austinmeier/Documents/jaiswal/git/growberry_web/app/__init__.py:40]
2016-09-15 22:35:08,046 INFO: growberry_web startup [in /Users/austinmeier/Documents/jaiswal/git/growberry_web/app/__init__.py:40]
2016-09-15 22:36:40,610 INFO: growberry_web startup [in /Users/austinmeier/Documents/jaiswal/git/growberry_web/app/__init__.py:40]
2016-09-15 23:12:05,539 INFO: growberry_web startup [in /Users/austinmeier/Documents/jaiswal/git/growberry_web/app/__init__.py:40]
2016-09-15 23:16:39,996 INFO: growberry_web startup [in /Users/austinmeier/Documents/jaiswal/git/growberry_web/app/__init__.py:40]
2016-09-15 23:16:58,452 INFO: growberry_web startup [in /Users/austinmeier/Documents/jaiswal/git/growberry_web/app/__init__.py:40]
2016-09-15 23:16:58,872 INFO: growberry_web startup [in /Users/austinmeier/Documents/jaiswal/git/growberry_web/app/__init__.py:40]
2016-09-15 23:18:39,481 INFO: growberry_web startup [in /Users/austinmeier/Documents/jaiswal/git/growberry_web/app/__init__.py:40]
2016-09-15 23:18:39,839 INFO: growberry_web startup [in /Users/austinmeier/Documents/jaiswal/git/growberry_web/app/__init__.py:40]
2016-09-17 09:39:14,031 INFO: growberry_web startup [in /Users/austinmeier/Documents/jaiswal/git/growberry_web/app/__init__.py:43]
2016-09-17 09:39:14,595 INFO: growberry_web startup [in /Users/austinmeier/Documents/jaiswal/git/growberry_web/app/__init__.py:43]
2016-09-17 09:42:49,810 INFO: growberry_web startup [in /Users/austinmeier/Documents/jaiswal/git/growberry_web/app/__init__.py:43]
2016-09-17 09:42:50,290 INFO: growberry_web startup [in /Users/austinmeier/Documents/jaiswal/git/growberry_web/app/__init__.py:43]
2016-09-17 09:45:15,135 INFO: growberry_web startup [in /Users/austinmeier/Documents/jaiswal/git/growberry_web/app/__init__.py:43]
2016-09-17 09:45:15,622 INFO: growberry_web startup [in /Users/austinmeier/Documents/jaiswal/git/growberry_web/app/__init__.py:43]
2016-09-17 10:31:11,541 INFO: growberry_web startup [in /Users/austinmeier/Documents/jaiswal/git/growberry_web/app/__init__.py:43]
2016-09-17 10:31:12,067 INFO: growberry_web startup [in /Users/austinmeier/Documents/jaiswal/git/growberry_web/app/__init__.py:43]
2016-09-18 18:37:57,163 INFO: growberry_web startup [in /Users/austinmeier/Documents/jaiswal/git/growberry_web/app/__init__.py:43]
2016-09-18 18:38:07,554 INFO: growberry_web startup [in /Users/austinmeier/Documents/jaiswal/git/growberry_web/app/__init__.py:43]
2016-09-18 18:39:10,539 INFO: growberry_web startup [in /Users/austinmeier/Documents/jaiswal/git/growberry_web/app/__init__.py:43]
2016-09-18 18:42:30,905 INFO: growberry_web startup [in /Users/austinmeier/Documents/jaiswal/git/growberry_web/app/__init__.py:43]
2016-09-18 18:42:31,585 INFO: growberry_web startup [in /Users/austinmeier/Documents/jaiswal/git/growberry_web/app/__init__.py:43]
2016-09-18 19:01:48,430 INFO: growberry_web startup [in /Users/austinmeier/Documents/jaiswal/git/growberry_web/app/__init__.py:45]
2016-09-18 21:11:39,948 INFO: growberry_web startup [in /Users/austinmeier/Documents/jaiswal/git/growberry_web/app/__init__.py:45]
2016-09-18 21:11:40,504 INFO: growberry_web startup [in /Users/austinmeier/Documents/jaiswal/git/growberry_web/app/__init__.py:45]
2016-09-18 21:22:45,803 INFO: growberry_web startup [in /Users/austinmeier/Documents/jaiswal/git/growberry_web/app/__init__.py:45]
2016-09-18 21:25:16,364 INFO: growberry_web startup [in /Users/austinmeier/Documents/jaiswal/git/growberry_web/app/__init__.py:45]
2016-09-18 21:25:16,897 INFO: growberry_web startup [in /Users/austinmeier/Documents/jaiswal/git/growberry_web/app/__init__.py:45]
2016-09-18 21:27:11,198 INFO: growberry_web startup [in /Users/austinmeier/Documents/jaiswal/git/growberry_web/app/__init__.py:45]
2016-09-18 21:27:11,571 INFO: growberry_web startup [in /Users/austinmeier/Documents/jaiswal/git/growberry_web/app/__init__.py:45]
2016-09-18 21:28:40,994 INFO: growberry_web startup [in /Users/austinmeier/Documents/jaiswal/git/growberry_web/app/__init__.py:45]
2016-09-18 21:29:04,937 INFO: growberry_web startup [in /Users/austinmeier/Documents/jaiswal/git/growberry_web/app/__init__.py:45]
2016-09-18 21:32:56,340 INFO: growberry_web startup [in /Users/austinmeier/Documents/jaiswal/git/growberry_web/app/__init__.py:45]
2016-09-18 22:01:03,231 INFO: growberry_web startup [in /Users/austinmeier/Documents/jaiswal/git/growberry_web/app/__init__.py:45]
2016-09-18 22:07:16,591 INFO: growberry_web startup [in /Users/austinmeier/Documents/jaiswal/git/growberry_web/app/__init__.py:45]
2016-09-18 22:07:44,395 INFO: growberry_web startup [in /Users/austinmeier/Documents/jaiswal/git/growberry_web/app/__init__.py:45]
2016-09-18 22:09:19,058 INFO: growberry_web startup [in /Users/austinmeier/Documents/jaiswal/git/growberry_web/app/__init__.py:45]
2016-09-18 22:15:42,969 INFO: growberry_web startup [in /Users/austinmeier/Documents/jaiswal/git/growberry_web/app/__init__.py:45]
2016-09-18 22:15:43,449 INFO: growberry_web startup [in /Users/austinmeier/Documents/jaiswal/git/growberry_web/app/__init__.py:45]
2016-09-18 22:19:09,280 INFO: growberry_web startup [in /Users/austinmeier/Documents/jaiswal/git/growberry_web/app/__init__.py:45]
2016-09-18 22:19:24,977 INFO: growberry_web startup [in /Users/austinmeier/Documents/jaiswal/git/growberry_web/app/__init__.py:45]
2016-09-18 22:19:25,440 INFO: growberry_web startup [in /Users/austinmeier/Documents/jaiswal/git/growberry_web/app/__init__.py:45]
2016-09-18 22:23:06,365 INFO: growberry_web startup [in /Users/austinmeier/Documents/jaiswal/git/growberry_web/app/__init__.py:45]
2016-09-18 22:40:52,899 INFO: growberry_web startup [in /Users/austinmeier/Documents/jaiswal/git/growberry_web/app/__init__.py:45]
2016-09-18 22:43:27,227 INFO: growberry_web startup [in /Users/austinmeier/Documents/jaiswal/git/growberry_web/app/__init__.py:45]
2016-09-20 22:05:47,723 INFO: growberry_web startup [in /Users/austinmeier/Documents/jaiswal/git/growberry_web/app/__init__.py:45]
2016-09-20 22:05:48,310 INFO: growberry_web startup [in /Users/austinmeier/Documents/jaiswal/git/growberry_web/app/__init__.py:45]
2016-09-20 22:06:31,825 INFO: growberry_web startup [in /Users/austinmeier/Documents/jaiswal/git/growberry_web/app/__init__.py:45]
2016-09-20 22:06:32,312 INFO: growberry_web startup [in /Users/austinmeier/Documents/jaiswal/git/growberry_web/app/__init__.py:45]
2016-09-27 22:41:10,657 INFO: growberry_web startup [in /home/nimrod337/growberry_web/app/__init__.py:45]
2016-09-27 22:41:13,127 INFO: growberry_web startup [in /home/nimrod337/growberry_web/app/__init__.py:45]
2016-09-29 20:51:45,313 INFO: growberry_web startup [in /Users/austinmeier/Documents/jaiswal/git/growberry_web/app/__init__.py:45]
2016-09-29 20:51:45,790 INFO: growberry_web startup [in /Users/austinmeier/Documents/jaiswal/git/growberry_web/app/__init__.py:45]
2016-09-29 21:01:51,678 INFO: growberry_web startup [in /Users/austinmeier/Documents/jaiswal/git/growberry_web/app/__init__.py:45]
2016-09-29 21:04:26,826 INFO: growberry_web startup [in /Users/austinmeier/Documents/jaiswal/git/growberry_web/app/__init__.py:45]
2016-09-29 21:04:27,424 INFO: growberry_web startup [in /Users/austinmeier/Documents/jaiswal/git/growberry_web/app/__init__.py:45]
2016-09-29 21:15:20,343 INFO: growberry_web startup [in /Users/austinmeier/Documents/jaiswal/git/growberry_web/app/__init__.py:45]
2016-09-29 21:30:55,424 INFO: growberry_web startup [in /Users/austinmeier/Documents/jaiswal/git/growberry_web/app/__init__.py:45]
2016-09-29 21:30:56,310 INFO: growberry_web startup [in /Users/austinmeier/Documents/jaiswal/git/growberry_web/app/__init__.py:45]
2016-09-29 21:44:18,739 INFO: growberry_web startup [in /Users/austinmeier/Documents/jaiswal/git/growberry_web/app/__init__.py:45]
2016-09-30 21:56:32,332 INFO: growberry_web startup [in /Users/austinmeier/Documents/jaiswal/git/growberry_web/app/__init__.py:45]
2016-09-30 21:57:40,120 INFO: growberry_web startup [in /Users/austinmeier/Documents/jaiswal/git/growberry_web/app/__init__.py:45]
2016-09-30 22:04:15,908 INFO: growberry_web startup [in /Users/austinmeier/Documents/jaiswal/git/growberry_web/app/__init__.py:45]
2016-09-30 22:14:13,039 INFO: growberry_web startup [in /Users/austinmeier/Documents/jaiswal/git/growberry_web/app/__init__.py:45]
2016-09-30 22:14:59,653 INFO: growberry_web startup [in /Users/austinmeier/Documents/jaiswal/git/growberry_web/app/__init__.py:45]
2016-09-30 22:15:00,031 INFO: growberry_web startup [in /Users/austinmeier/Documents/jaiswal/git/growberry_web/app/__init__.py:45]
2016-09-30 22:25:36,517 INFO: growberry_web startup [in /Users/austinmeier/Documents/jaiswal/git/growberry_web/app/__init__.py:45]
2016-09-30 22:26:21,273 INFO: growberry_web startup [in /Users/austinmeier/Documents/jaiswal/git/growberry_web/app/__init__.py:45]
2016-09-30 22:26:22,046 INFO: growberry_web startup [in /Users/austinmeier/Documents/jaiswal/git/growberry_web/app/__init__.py:45]
2016-09-30 22:29:17,097 INFO: growberry_web startup [in /Users/austinmeier/Documents/jaiswal/git/growberry_web/app/__init__.py:45]
2016-09-30 22:29:18,050 INFO: growberry_web startup [in /Users/austinmeier/Documents/jaiswal/git/growberry_web/app/__init__.py:45]
2016-09-30 22:38:16,792 INFO: growberry_web startup [in /Users/austinmeier/Documents/jaiswal/git/growberry_web/app/__init__.py:45]
2016-09-30 22:38:35,679 INFO: growberry_web startup [in /Users/austinmeier/Documents/jaiswal/git/growberry_web/app/__init__.py:45]
2016-09-30 22:38:36,222 INFO: growberry_web startup [in /Users/austinmeier/Documents/jaiswal/git/growberry_web/app/__init__.py:45]
2016-09-30 22:48:25,811 INFO: growberry_web startup [in /Users/austinmeier/Documents/jaiswal/git/growberry_web/app/__init__.py:45]
2016-09-30 22:48:26,555 INFO: growberry_web startup [in /Users/austinmeier/Documents/jaiswal/git/growberry_web/app/__init__.py:45]
2016-09-30 23:28:49,500 INFO: growberry_web startup [in /Users/austinmeier/Documents/jaiswal/git/growberry_web/app/__init__.py:45]
2016-09-30 23:28:50,208 INFO: growberry_web startup [in /Users/austinmeier/Documents/jaiswal/git/growberry_web/app/__init__.py:45]
2016-09-30 23:45:26,150 INFO: growberry_web startup [in /Users/austinmeier/Documents/jaiswal/git/growberry_web/app/__init__.py:45]
2016-09-30 23:45:26,908 INFO: growberry_web startup [in /Users/austinmeier/Documents/jaiswal/git/growberry_web/app/__init__.py:45]
2016-09-30 23:53:44,130 INFO: growberry_web startup [in /Users/austinmeier/Documents/jaiswal/git/growberry_web/app/__init__.py:45]
2016-09-30 23:54:43,442 INFO: growberry_web startup [in /Users/austinmeier/Documents/jaiswal/git/growberry_web/app/__init__.py:45]
2016-09-30 23:54:43,958 INFO: growberry_web startup [in /Users/austinmeier/Documents/jaiswal/git/growberry_web/app/__init__.py:45]
2016-10-01 10:11:00,664 INFO: growberry_web startup [in /Users/austinmeier/Documents/jaiswal/git/growberry_web/app/__init__.py:45]
2016-10-09 19:35:25,598 INFO: growberry_web startup [in /Users/austinmeier/Documents/jaiswal/git/growberry_web/app/__init__.py:45]
2016-10-09 19:46:59,414 INFO: growberry_web startup [in /Users/austinmeier/Documents/jaiswal/git/growberry_web/app/__init__.py:45]
2016-10-09 19:47:14,602 ERROR: Exception on /get_settings/10 [GET] [in /Users/austinmeier/Documents/jaiswal/git/growberry_web/flask/lib/python2.7/site-packages/flask/app.py:1587]
Traceback (most recent call last):
  File "/Users/austinmeier/Documents/jaiswal/git/growberry_web/flask/lib/python2.7/site-packages/flask/app.py", line 1988, in wsgi_app
    response = self.full_dispatch_request()
  File "/Users/austinmeier/Documents/jaiswal/git/growberry_web/flask/lib/python2.7/site-packages/flask/app.py", line 1641, in full_dispatch_request
    rv = self.handle_user_exception(e)
  File "/Users/austinmeier/Documents/jaiswal/git/growberry_web/flask/lib/python2.7/site-packages/flask/app.py", line 1544, in handle_user_exception
    reraise(exc_type, exc_value, tb)
  File "/Users/austinmeier/Documents/jaiswal/git/growberry_web/flask/lib/python2.7/site-packages/flask/app.py", line 1639, in full_dispatch_request
    rv = self.dispatch_request()
  File "/Users/austinmeier/Documents/jaiswal/git/growberry_web/flask/lib/python2.7/site-packages/flask/app.py", line 1625, in dispatch_request
    return self.view_functions[rule.endpoint](**req.view_args)
  File "/Users/austinmeier/Documents/jaiswal/git/growberry_web/app/views.py", line 234, in get_settings
    s = json.loads(sttgs)
NameError: global name 'json' is not defined
2016-10-09 19:59:17,862 ERROR: Exception on /get_settings/10 [GET] [in /Users/austinmeier/Documents/jaiswal/git/growberry_web/flask/lib/python2.7/site-packages/flask/app.py:1587]
Traceback (most recent call last):
  File "/Users/austinmeier/Documents/jaiswal/git/growberry_web/flask/lib/python2.7/site-packages/flask/app.py", line 1988, in wsgi_app
    response = self.full_dispatch_request()
  File "/Users/austinmeier/Documents/jaiswal/git/growberry_web/flask/lib/python2.7/site-packages/flask/app.py", line 1641, in full_dispatch_request
    rv = self.handle_user_exception(e)
  File "/Users/austinmeier/Documents/jaiswal/git/growberry_web/flask/lib/python2.7/site-packages/flask/app.py", line 1544, in handle_user_exception
    reraise(exc_type, exc_value, tb)
  File "/Users/austinmeier/Documents/jaiswal/git/growberry_web/flask/lib/python2.7/site-packages/flask/app.py", line 1639, in full_dispatch_request
    rv = self.dispatch_request()
  File "/Users/austinmeier/Documents/jaiswal/git/growberry_web/flask/lib/python2.7/site-packages/flask/app.py", line 1625, in dispatch_request
    return self.view_functions[rule.endpoint](**req.view_args)
  File "/Users/austinmeier/Documents/jaiswal/git/growberry_web/app/views.py", line 234, in get_settings
    s = json.loads(sttgs)
NameError: global name 'json' is not defined
2016-10-09 20:01:11,982 ERROR: Exception on /get_settings/10 [GET] [in /Users/austinmeier/Documents/jaiswal/git/growberry_web/flask/lib/python2.7/site-packages/flask/app.py:1587]
Traceback (most recent call last):
  File "/Users/austinmeier/Documents/jaiswal/git/growberry_web/flask/lib/python2.7/site-packages/flask/app.py", line 1988, in wsgi_app
    response = self.full_dispatch_request()
  File "/Users/austinmeier/Documents/jaiswal/git/growberry_web/flask/lib/python2.7/site-packages/flask/app.py", line 1641, in full_dispatch_request
    rv = self.handle_user_exception(e)
  File "/Users/austinmeier/Documents/jaiswal/git/growberry_web/flask/lib/python2.7/site-packages/flask/app.py", line 1544, in handle_user_exception
    reraise(exc_type, exc_value, tb)
  File "/Users/austinmeier/Documents/jaiswal/git/growberry_web/flask/lib/python2.7/site-packages/flask/app.py", line 1639, in full_dispatch_request
    rv = self.dispatch_request()
  File "/Users/austinmeier/Documents/jaiswal/git/growberry_web/flask/lib/python2.7/site-packages/flask/app.py", line 1625, in dispatch_request
    return self.view_functions[rule.endpoint](**req.view_args)
  File "/Users/austinmeier/Documents/jaiswal/git/growberry_web/app/views.py", line 234, in get_settings
    s = json.loads(sttgs)
NameError: global name 'json' is not defined
2016-10-09 20:20:58,519 INFO: growberry_web startup [in /Users/austinmeier/Documents/jaiswal/git/growberry_web/app/__init__.py:45]
2016-10-09 21:00:14,605 INFO: growberry_web startup [in /Users/austinmeier/Documents/jaiswal/git/growberry_web/app/__init__.py:45]
2016-10-09 21:01:09,817 INFO: growberry_web startup [in /Users/austinmeier/Documents/jaiswal/git/growberry_web/app/__init__.py:45]
2016-10-09 21:01:10,477 INFO: growberry_web startup [in /Users/austinmeier/Documents/jaiswal/git/growberry_web/app/__init__.py:45]
2016-10-09 21:03:09,938 INFO: growberry_web startup [in /Users/austinmeier/Documents/jaiswal/git/growberry_web/app/__init__.py:45]
2016-10-09 21:03:10,877 INFO: growberry_web startup [in /Users/austinmeier/Documents/jaiswal/git/growberry_web/app/__init__.py:45]
2016-10-09 21:05:22,110 ERROR: Exception on /get_settings/10 [GET] [in /Users/austinmeier/Documents/jaiswal/git/growberry_web/flask/lib/python2.7/site-packages/flask/app.py:1587]
Traceback (most recent call last):
  File "/Users/austinmeier/Documents/jaiswal/git/growberry_web/flask/lib/python2.7/site-packages/flask/app.py", line 1988, in wsgi_app
    response = self.full_dispatch_request()
  File "/Users/austinmeier/Documents/jaiswal/git/growberry_web/flask/lib/python2.7/site-packages/flask/app.py", line 1641, in full_dispatch_request
    rv = self.handle_user_exception(e)
  File "/Users/austinmeier/Documents/jaiswal/git/growberry_web/flask/lib/python2.7/site-packages/flask/app.py", line 1544, in handle_user_exception
    reraise(exc_type, exc_value, tb)
  File "/Users/austinmeier/Documents/jaiswal/git/growberry_web/flask/lib/python2.7/site-packages/flask/app.py", line 1639, in full_dispatch_request
    rv = self.dispatch_request()
  File "/Users/austinmeier/Documents/jaiswal/git/growberry_web/flask/lib/python2.7/site-packages/flask/app.py", line 1625, in dispatch_request
    return self.view_functions[rule.endpoint](**req.view_args)
  File "/Users/austinmeier/Documents/jaiswal/git/growberry_web/app/views.py", line 234, in get_settings
    s = json.loads(sttgs)
NameError: global name 'json' is not defined
2016-10-09 22:30:10,386 INFO: growberry_web startup [in /Users/austinmeier/Documents/jaiswal/git/growberry_web/app/__init__.py:45]
2016-10-09 22:36:07,282 INFO: growberry_web startup [in /Users/austinmeier/Documents/jaiswal/git/growberry_web/app/__init__.py:45]
2016-10-10 02:21:56,353 INFO: growberry_web startup [in /Users/austinmeier/Documents/jaiswal/git/growberry_web/app/__init__.py:45]
2016-10-10 09:29:31,096 INFO: growberry_web startup [in /Users/austinmeier/Documents/jaiswal/git/growberry_web/app/__init__.py:45]
2016-10-10 09:51:34,678 INFO: growberry_web startup [in /Users/austinmeier/Documents/jaiswal/git/growberry_web/app/__init__.py:45]
2016-10-10 09:52:03,338 INFO: growberry_web startup [in /Users/austinmeier/Documents/jaiswal/git/growberry_web/app/__init__.py:45]
2016-10-10 09:52:03,886 INFO: growberry_web startup [in /Users/austinmeier/Documents/jaiswal/git/growberry_web/app/__init__.py:45]
2016-10-10 09:54:06,626 INFO: growberry_web startup [in /Users/austinmeier/Documents/jaiswal/git/growberry_web/app/__init__.py:45]
2016-10-10 09:58:44,617 INFO: growberry_web startup [in /Users/austinmeier/Documents/jaiswal/git/growberry_web/app/__init__.py:45]
2016-10-10 09:58:45,120 INFO: growberry_web startup [in /Users/austinmeier/Documents/jaiswal/git/growberry_web/app/__init__.py:45]
2016-10-10 10:08:55,286 INFO: growberry_web startup [in /Users/austinmeier/Documents/jaiswal/git/growberry_web/app/__init__.py:45]
2016-10-10 10:09:31,993 INFO: growberry_web startup [in /Users/austinmeier/Documents/jaiswal/git/growberry_web/app/__init__.py:45]
2016-10-10 10:09:32,489 INFO: growberry_web startup [in /Users/austinmeier/Documents/jaiswal/git/growberry_web/app/__init__.py:45]
2016-10-10 10:15:56,947 INFO: growberry_web startup [in /Users/austinmeier/Documents/jaiswal/git/growberry_web/app/__init__.py:45]
2016-10-10 10:23:18,092 INFO: growberry_web startup [in /Users/austinmeier/Documents/jaiswal/git/growberry_web/app/__init__.py:45]
2016-10-10 10:23:18,889 INFO: growberry_web startup [in /Users/austinmeier/Documents/jaiswal/git/growberry_web/app/__init__.py:45]
2016-10-10 10:24:54,864 INFO: growberry_web startup [in /Users/austinmeier/Documents/jaiswal/git/growberry_web/app/__init__.py:45]
2016-10-10 10:24:55,526 INFO: growberry_web startup [in /Users/austinmeier/Documents/jaiswal/git/growberry_web/app/__init__.py:45]
2016-10-10 13:04:49,587 INFO: growberry_web startup [in /Users/austinmeier/Documents/jaiswal/git/growberry_web/app/__init__.py:45]
2016-10-10 13:20:50,772 INFO: growberry_web startup [in /Users/austinmeier/Documents/jaiswal/git/growberry_web/app/__init__.py:45]
2016-10-10 13:47:22,222 INFO: growberry_web startup [in /Users/austinmeier/Documents/jaiswal/git/growberry_web/app/__init__.py:45]
2016-10-10 13:47:22,861 INFO: growberry_web startup [in /Users/austinmeier/Documents/jaiswal/git/growberry_web/app/__init__.py:45]
2016-10-10 14:04:36,972 INFO: growberry_web startup [in /Users/austinmeier/Documents/jaiswal/git/growberry_web/app/__init__.py:45]
2016-10-10 14:15:56,300 INFO: growberry_web startup [in /Users/austinmeier/Documents/jaiswal/git/growberry_web/app/__init__.py:45]
2016-10-10 14:15:56,849 INFO: growberry_web startup [in /Users/austinmeier/Documents/jaiswal/git/growberry_web/app/__init__.py:45]
2016-10-10 14:27:04,957 INFO: growberry_web startup [in /Users/austinmeier/Documents/jaiswal/git/growberry_web/app/__init__.py:45]
2016-10-10 14:29:41,925 INFO: growberry_web startup [in /Users/austinmeier/Documents/jaiswal/git/growberry_web/app/__init__.py:45]
2016-10-10 14:32:31,357 INFO: growberry_web startup [in /Users/austinmeier/Documents/jaiswal/git/growberry_web/app/__init__.py:45]
2016-10-10 16:19:36,297 INFO: growberry_web startup [in /Users/austinmeier/Documents/jaiswal/git/growberry_web/app/__init__.py:45]
2016-10-10 16:30:27,619 INFO: growberry_web startup [in /Users/austinmeier/Documents/jaiswal/git/growberry_web/app/__init__.py:45]
2016-10-10 16:33:21,378 INFO: growberry_web startup [in /Users/austinmeier/Documents/jaiswal/git/growberry_web/app/__init__.py:45]
2016-10-10 16:46:36,231 INFO: growberry_web startup [in /Users/austinmeier/Documents/jaiswal/git/growberry_web/app/__init__.py:45]
2016-10-10 16:46:48,862 INFO: growberry_web startup [in /Users/austinmeier/Documents/jaiswal/git/growberry_web/app/__init__.py:45]
2016-10-10 16:46:49,253 INFO: growberry_web startup [in /Users/austinmeier/Documents/jaiswal/git/growberry_web/app/__init__.py:45]
2016-10-10 16:53:32,199 INFO: growberry_web startup [in /Users/austinmeier/Documents/jaiswal/git/growberry_web/app/__init__.py:45]
2016-10-10 16:53:32,831 INFO: growberry_web startup [in /Users/austinmeier/Documents/jaiswal/git/growberry_web/app/__init__.py:45]
2016-10-10 16:54:21,101 INFO: growberry_web startup [in /Users/austinmeier/Documents/jaiswal/git/growberry_web/app/__init__.py:45]
2016-10-10 16:54:21,852 INFO: growberry_web startup [in /Users/austinmeier/Documents/jaiswal/git/growberry_web/app/__init__.py:45]
2016-10-10 16:56:46,483 INFO: growberry_web startup [in /Users/austinmeier/Documents/jaiswal/git/growberry_web/app/__init__.py:45]
2016-10-10 16:56:47,119 INFO: growberry_web startup [in /Users/austinmeier/Documents/jaiswal/git/growberry_web/app/__init__.py:45]
2016-10-10 16:59:28,631 INFO: growberry_web startup [in /Users/austinmeier/Documents/jaiswal/git/growberry_web/app/__init__.py:45]
2016-10-10 16:59:29,214 INFO: growberry_web startup [in /Users/austinmeier/Documents/jaiswal/git/growberry_web/app/__init__.py:45]
2016-10-10 18:40:58,932 INFO: growberry_web startup [in /Users/austinmeier/Documents/jaiswal/git/growberry_web/app/__init__.py:45]
2016-10-10 18:49:53,109 INFO: growberry_web startup [in /Users/austinmeier/Documents/jaiswal/git/growberry_web/app/__init__.py:45]
2016-10-10 18:49:53,687 INFO: growberry_web startup [in /Users/austinmeier/Documents/jaiswal/git/growberry_web/app/__init__.py:45]
2016-10-10 18:56:03,077 INFO: growberry_web startup [in /Users/austinmeier/Documents/jaiswal/git/growberry_web/app/__init__.py:45]
2016-10-10 19:01:58,238 INFO: growberry_web startup [in /Users/austinmeier/Documents/jaiswal/git/growberry_web/app/__init__.py:45]
2016-10-10 19:01:58,892 INFO: growberry_web startup [in /Users/austinmeier/Documents/jaiswal/git/growberry_web/app/__init__.py:45]
2016-10-10 19:03:00,519 INFO: growberry_web startup [in /Users/austinmeier/Documents/jaiswal/git/growberry_web/app/__init__.py:45]
2016-10-10 19:04:47,381 INFO: growberry_web startup [in /Users/austinmeier/Documents/jaiswal/git/growberry_web/app/__init__.py:45]
2016-10-10 19:04:47,962 INFO: growberry_web startup [in /Users/austinmeier/Documents/jaiswal/git/growberry_web/app/__init__.py:45]
2016-10-10 19:05:51,635 INFO: growberry_web startup [in /Users/austinmeier/Documents/jaiswal/git/growberry_web/app/__init__.py:45]
2016-10-10 19:05:52,225 INFO: growberry_web startup [in /Users/austinmeier/Documents/jaiswal/git/growberry_web/app/__init__.py:45]
2016-10-10 19:17:33,779 INFO: growberry_web startup [in /Users/austinmeier/Documents/jaiswal/git/growberry_web/app/__init__.py:45]
2016-10-10 19:17:34,482 INFO: growberry_web startup [in /Users/austinmeier/Documents/jaiswal/git/growberry_web/app/__init__.py:45]
2016-10-10 19:18:17,916 INFO: growberry_web startup [in /Users/austinmeier/Documents/jaiswal/git/growberry_web/app/__init__.py:45]
2016-10-10 19:18:18,771 INFO: growberry_web startup [in /Users/austinmeier/Documents/jaiswal/git/growberry_web/app/__init__.py:45]
2016-10-10 19:20:01,613 INFO: growberry_web startup [in /Users/austinmeier/Documents/jaiswal/git/growberry_web/app/__init__.py:45]
2016-10-10 19:20:02,200 INFO: growberry_web startup [in /Users/austinmeier/Documents/jaiswal/git/growberry_web/app/__init__.py:45]
2016-10-10 19:20:49,858 INFO: growberry_web startup [in /Users/austinmeier/Documents/jaiswal/git/growberry_web/app/__init__.py:45]
2016-10-10 19:20:50,383 INFO: growberry_web startup [in /Users/austinmeier/Documents/jaiswal/git/growberry_web/app/__init__.py:45]
2016-10-10 19:23:38,231 INFO: growberry_web startup [in /Users/austinmeier/Documents/jaiswal/git/growberry_web/app/__init__.py:45]
2016-10-10 19:23:39,197 INFO: growberry_web startup [in /Users/austinmeier/Documents/jaiswal/git/growberry_web/app/__init__.py:45]
2016-10-10 19:31:56,823 INFO: growberry_web startup [in /Users/austinmeier/Documents/jaiswal/git/growberry_web/app/__init__.py:45]
2016-10-10 20:24:35,884 INFO: growberry_web startup [in /Users/austinmeier/Documents/jaiswal/git/growberry_web/app/__init__.py:45]
2016-10-10 20:24:36,475 INFO: growberry_web startup [in /Users/austinmeier/Documents/jaiswal/git/growberry_web/app/__init__.py:45]
2016-10-10 20:29:54,466 INFO: growberry_web startup [in /Users/austinmeier/Documents/jaiswal/git/growberry_web/app/__init__.py:45]
2016-10-10 20:29:55,104 INFO: growberry_web startup [in /Users/austinmeier/Documents/jaiswal/git/growberry_web/app/__init__.py:45]
2016-10-10 20:33:03,440 INFO: growberry_web startup [in /Users/austinmeier/Documents/jaiswal/git/growberry_web/app/__init__.py:45]
2016-10-10 20:33:04,325 INFO: growberry_web startup [in /Users/austinmeier/Documents/jaiswal/git/growberry_web/app/__init__.py:45]
2016-10-10 20:33:41,135 INFO: growberry_web startup [in /Users/austinmeier/Documents/jaiswal/git/growberry_web/app/__init__.py:45]
2016-10-10 20:33:41,773 INFO: growberry_web startup [in /Users/austinmeier/Documents/jaiswal/git/growberry_web/app/__init__.py:45]
2016-10-10 20:34:01,983 INFO: growberry_web startup [in /Users/austinmeier/Documents/jaiswal/git/growberry_web/app/__init__.py:45]
2016-10-10 20:34:02,782 INFO: growberry_web startup [in /Users/austinmeier/Documents/jaiswal/git/growberry_web/app/__init__.py:45]
2016-10-10 20:36:15,800 INFO: growberry_web startup [in /Users/austinmeier/Documents/jaiswal/git/growberry_web/app/__init__.py:45]
2016-10-10 20:36:16,419 INFO: growberry_web startup [in /Users/austinmeier/Documents/jaiswal/git/growberry_web/app/__init__.py:45]
2016-10-10 20:38:40,941 INFO: growberry_web startup [in /Users/austinmeier/Documents/jaiswal/git/growberry_web/app/__init__.py:45]
2016-10-10 20:38:41,548 INFO: growberry_web startup [in /Users/austinmeier/Documents/jaiswal/git/growberry_web/app/__init__.py:45]
2016-10-10 20:41:13,918 INFO: growberry_web startup [in /Users/austinmeier/Documents/jaiswal/git/growberry_web/app/__init__.py:45]
2016-10-10 20:41:14,658 INFO: growberry_web startup [in /Users/austinmeier/Documents/jaiswal/git/growberry_web/app/__init__.py:45]
2016-10-10 20:43:12,129 INFO: growberry_web startup [in /Users/austinmeier/Documents/jaiswal/git/growberry_web/app/__init__.py:45]
2016-10-10 20:43:12,727 INFO: growberry_web startup [in /Users/austinmeier/Documents/jaiswal/git/growberry_web/app/__init__.py:45]
2016-10-10 20:48:12,441 INFO: growberry_web startup [in /Users/austinmeier/Documents/jaiswal/git/growberry_web/app/__init__.py:45]
2016-10-10 20:48:13,143 INFO: growberry_web startup [in /Users/austinmeier/Documents/jaiswal/git/growberry_web/app/__init__.py:45]
2016-10-10 20:50:19,938 INFO: growberry_web startup [in /Users/austinmeier/Documents/jaiswal/git/growberry_web/app/__init__.py:45]
2016-10-10 20:50:20,783 INFO: growberry_web startup [in /Users/austinmeier/Documents/jaiswal/git/growberry_web/app/__init__.py:45]
2016-10-10 20:58:11,353 INFO: growberry_web startup [in /Users/austinmeier/Documents/jaiswal/git/growberry_web/app/__init__.py:45]
2016-10-10 20:58:11,959 INFO: growberry_web startup [in /Users/austinmeier/Documents/jaiswal/git/growberry_web/app/__init__.py:45]
2016-10-10 20:59:52,618 INFO: growberry_web startup [in /Users/austinmeier/Documents/jaiswal/git/growberry_web/app/__init__.py:45]
2016-10-10 21:01:37,114 INFO: growberry_web startup [in /Users/austinmeier/Documents/jaiswal/git/growberry_web/app/__init__.py:45]
2016-10-10 21:10:24,135 INFO: growberry_web startup [in /Users/austinmeier/Documents/jaiswal/git/growberry_web/app/__init__.py:45]
2016-10-10 21:10:24,716 INFO: growberry_web startup [in /Users/austinmeier/Documents/jaiswal/git/growberry_web/app/__init__.py:45]
2016-10-10 21:11:52,598 INFO: growberry_web startup [in /Users/austinmeier/Documents/jaiswal/git/growberry_web/app/__init__.py:45]
2016-10-10 21:11:53,295 INFO: growberry_web startup [in /Users/austinmeier/Documents/jaiswal/git/growberry_web/app/__init__.py:45]
2016-10-10 21:13:39,965 INFO: growberry_web startup [in /Users/austinmeier/Documents/jaiswal/git/growberry_web/app/__init__.py:45]
2016-10-10 21:13:40,497 INFO: growberry_web startup [in /Users/austinmeier/Documents/jaiswal/git/growberry_web/app/__init__.py:45]
2016-10-10 21:28:19,202 INFO: growberry_web startup [in /Users/austinmeier/Documents/jaiswal/git/growberry_web/app/__init__.py:45]
2016-10-10 21:29:51,914 INFO: growberry_web startup [in /Users/austinmeier/Documents/jaiswal/git/growberry_web/app/__init__.py:45]
2016-10-10 21:31:41,595 INFO: growberry_web startup [in /Users/austinmeier/Documents/jaiswal/git/growberry_web/app/__init__.py:45]
2016-10-10 21:32:05,678 INFO: growberry_web startup [in /Users/austinmeier/Documents/jaiswal/git/growberry_web/app/__init__.py:45]
2016-10-10 21:32:06,328 INFO: growberry_web startup [in /Users/austinmeier/Documents/jaiswal/git/growberry_web/app/__init__.py:45]
2016-10-10 21:33:16,404 INFO: growberry_web startup [in /Users/austinmeier/Documents/jaiswal/git/growberry_web/app/__init__.py:45]
2016-10-10 21:33:17,160 INFO: growberry_web startup [in /Users/austinmeier/Documents/jaiswal/git/growberry_web/app/__init__.py:45]
2016-10-10 21:36:03,837 INFO: growberry_web startup [in /Users/austinmeier/Documents/jaiswal/git/growberry_web/app/__init__.py:45]
2016-10-10 21:36:04,357 INFO: growberry_web startup [in /Users/austinmeier/Documents/jaiswal/git/growberry_web/app/__init__.py:45]
2016-10-10 21:51:30,196 INFO: growberry_web startup [in /Users/austinmeier/Documents/jaiswal/git/growberry_web/app/__init__.py:45]
2016-10-10 21:51:30,787 INFO: growberry_web startup [in /Users/austinmeier/Documents/jaiswal/git/growberry_web/app/__init__.py:45]
2016-10-10 21:57:16,770 INFO: growberry_web startup [in /Users/austinmeier/Documents/jaiswal/git/growberry_web/app/__init__.py:45]
2016-10-10 21:57:17,409 INFO: growberry_web startup [in /Users/austinmeier/Documents/jaiswal/git/growberry_web/app/__init__.py:45]
2016-10-10 21:58:59,090 INFO: growberry_web startup [in /Users/austinmeier/Documents/jaiswal/git/growberry_web/app/__init__.py:45]
2016-10-10 21:58:59,696 INFO: growberry_web startup [in /Users/austinmeier/Documents/jaiswal/git/growberry_web/app/__init__.py:45]
2016-10-10 22:03:09,926 INFO: growberry_web startup [in /Users/austinmeier/Documents/jaiswal/git/growberry_web/app/__init__.py:45]
2016-10-10 22:03:10,543 INFO: growberry_web startup [in /Users/austinmeier/Documents/jaiswal/git/growberry_web/app/__init__.py:45]
2016-10-10 22:21:17,414 INFO: growberry_web startup [in /Users/austinmeier/Documents/jaiswal/git/growberry_web/app/__init__.py:45]
2016-10-10 22:21:18,053 INFO: growberry_web startup [in /Users/austinmeier/Documents/jaiswal/git/growberry_web/app/__init__.py:45]
2016-10-10 22:35:46,886 INFO: growberry_web startup [in /Users/austinmeier/Documents/jaiswal/git/growberry_web/app/__init__.py:45]
2016-10-10 22:35:47,508 INFO: growberry_web startup [in /Users/austinmeier/Documents/jaiswal/git/growberry_web/app/__init__.py:45]
2016-10-10 22:39:26,567 INFO: growberry_web startup [in /Users/austinmeier/Documents/jaiswal/git/growberry_web/app/__init__.py:45]
2016-10-10 22:39:27,493 INFO: growberry_web startup [in /Users/austinmeier/Documents/jaiswal/git/growberry_web/app/__init__.py:45]
2016-10-10 22:41:29,238 INFO: growberry_web startup [in /Users/austinmeier/Documents/jaiswal/git/growberry_web/app/__init__.py:45]
2016-10-10 22:41:30,309 INFO: growberry_web startup [in /Users/austinmeier/Documents/jaiswal/git/growberry_web/app/__init__.py:45]
2016-10-10 22:50:16,469 INFO: growberry_web startup [in /Users/austinmeier/Documents/jaiswal/git/growberry_web/app/__init__.py:45]
2016-10-10 23:03:03,630 INFO: growberry_web startup [in /Users/austinmeier/Documents/jaiswal/git/growberry_web/app/__init__.py:45]
2016-10-10 23:03:04,424 INFO: growberry_web startup [in /Users/austinmeier/Documents/jaiswal/git/growberry_web/app/__init__.py:45]
2016-10-10 23:26:23,581 INFO: growberry_web startup [in /Users/austinmeier/Documents/jaiswal/git/growberry_web/app/__init__.py:45]
2016-10-10 23:26:24,323 INFO: growberry_web startup [in /Users/austinmeier/Documents/jaiswal/git/growberry_web/app/__init__.py:45]
2016-10-11 08:45:45,659 INFO: growberry_web startup [in /Users/austinmeier/Documents/jaiswal/git/growberry_web/app/__init__.py:45]
2016-10-11 08:45:46,289 INFO: growberry_web startup [in /Users/austinmeier/Documents/jaiswal/git/growberry_web/app/__init__.py:45]
2016-10-11 08:47:32,263 INFO: growberry_web startup [in /Users/austinmeier/Documents/jaiswal/git/growberry_web/app/__init__.py:45]
2016-10-11 08:47:32,968 INFO: growberry_web startup [in /Users/austinmeier/Documents/jaiswal/git/growberry_web/app/__init__.py:45]
2016-10-11 08:51:50,874 INFO: growberry_web startup [in /Users/austinmeier/Documents/jaiswal/git/growberry_web/app/__init__.py:45]
2016-10-11 08:51:51,536 INFO: growberry_web startup [in /Users/austinmeier/Documents/jaiswal/git/growberry_web/app/__init__.py:45]
2016-10-11 08:58:41,488 INFO: growberry_web startup [in /Users/austinmeier/Documents/jaiswal/git/growberry_web/app/__init__.py:45]
2016-10-12 19:00:13,541 INFO: growberry_web startup [in /Users/austinmeier/Documents/jaiswal/git/growberry_web/app/__init__.py:45]
2016-10-12 19:00:48,631 INFO: growberry_web startup [in /Users/austinmeier/Documents/jaiswal/git/growberry_web/app/__init__.py:45]
2016-10-12 19:00:49,232 INFO: growberry_web startup [in /Users/austinmeier/Documents/jaiswal/git/growberry_web/app/__init__.py:45]
2016-10-12 19:16:06,388 INFO: growberry_web startup [in /Users/austinmeier/Documents/jaiswal/git/growberry_web/app/__init__.py:45]
2016-10-12 19:16:07,119 INFO: growberry_web startup [in /Users/austinmeier/Documents/jaiswal/git/growberry_web/app/__init__.py:45]
2016-10-12 21:34:23,830 INFO: growberry_web startup [in /Users/austinmeier/Documents/jaiswal/git/growberry_web/app/__init__.py:45]
2016-10-12 21:34:24,396 INFO: growberry_web startup [in /Users/austinmeier/Documents/jaiswal/git/growberry_web/app/__init__.py:45]
2016-10-12 22:15:29,659 INFO: growberry_web startup [in /Users/austinmeier/Documents/jaiswal/git/growberry_web/app/__init__.py:45]
2016-10-12 22:15:30,235 INFO: growberry_web startup [in /Users/austinmeier/Documents/jaiswal/git/growberry_web/app/__init__.py:45]
2016-10-12 22:16:01,081 INFO: growberry_web startup [in /Users/austinmeier/Documents/jaiswal/git/growberry_web/app/__init__.py:45]
2016-10-12 22:16:01,696 INFO: growberry_web startup [in /Users/austinmeier/Documents/jaiswal/git/growberry_web/app/__init__.py:45]
2016-10-12 22:23:38,654 INFO: growberry_web startup [in /Users/austinmeier/Documents/jaiswal/git/growberry_web/app/__init__.py:45]
2016-10-12 22:23:39,754 INFO: growberry_web startup [in /Users/austinmeier/Documents/jaiswal/git/growberry_web/app/__init__.py:45]
2016-10-12 22:26:57,943 INFO: growberry_web startup [in /Users/austinmeier/Documents/jaiswal/git/growberry_web/app/__init__.py:45]
2016-10-12 22:26:58,700 INFO: growberry_web startup [in /Users/austinmeier/Documents/jaiswal/git/growberry_web/app/__init__.py:45]
2016-10-12 22:31:16,287 INFO: growberry_web startup [in /Users/austinmeier/Documents/jaiswal/git/growberry_web/app/__init__.py:45]
2016-10-12 22:31:16,891 INFO: growberry_web startup [in /Users/austinmeier/Documents/jaiswal/git/growberry_web/app/__init__.py:45]
2016-10-12 22:37:09,080 INFO: growberry_web startup [in /Users/austinmeier/Documents/jaiswal/git/growberry_web/app/__init__.py:45]
2016-10-12 22:37:09,673 INFO: growberry_web startup [in /Users/austinmeier/Documents/jaiswal/git/growberry_web/app/__init__.py:45]
2016-10-15 18:13:58,107 INFO: growberry_web startup [in /Users/austinmeier/Documents/pythoncode/growberry_web/app/__init__.py:45]
2016-10-15 18:13:58,576 INFO: growberry_web startup [in /Users/austinmeier/Documents/pythoncode/growberry_web/app/__init__.py:45]
2016-10-15 18:51:26,540 INFO: growberry_web startup [in /Users/austinmeier/Documents/pythoncode/growberry_web/app/__init__.py:44]
2016-10-15 18:51:49,398 INFO: growberry_web startup [in /Users/austinmeier/Documents/pythoncode/growberry_web/app/__init__.py:44]
2016-10-15 18:52:05,535 INFO: growberry_web startup [in /Users/austinmeier/Documents/pythoncode/growberry_web/app/__init__.py:44]
2016-10-15 18:53:22,624 INFO: growberry_web startup [in /Users/austinmeier/Documents/pythoncode/growberry_web/app/__init__.py:44]
2016-10-15 18:53:23,088 INFO: growberry_web startup [in /Users/austinmeier/Documents/pythoncode/growberry_web/app/__init__.py:44]
2016-10-15 20:16:59,306 INFO: growberry_web startup [in /Users/austinmeier/Documents/pythoncode/growberry_web/app/__init__.py:44]
2016-10-15 21:12:26,486 INFO: growberry_web startup [in /Users/austinmeier/Documents/pythoncode/growberry_web/app/__init__.py:44]
2016-10-15 21:12:37,831 INFO: growberry_web startup [in /Users/austinmeier/Documents/pythoncode/growberry_web/app/__init__.py:44]
2016-10-15 21:13:09,437 INFO: growberry_web startup [in /Users/austinmeier/Documents/pythoncode/growberry_web/app/__init__.py:44]
2016-10-15 21:16:08,385 INFO: growberry_web startup [in /Users/austinmeier/Documents/pythoncode/growberry_web/app/__init__.py:44]
2016-10-15 21:16:08,820 INFO: growberry_web startup [in /Users/austinmeier/Documents/pythoncode/growberry_web/app/__init__.py:44]
2016-10-15 21:21:06,295 INFO: growberry_web startup [in /Users/austinmeier/Documents/pythoncode/growberry_web/app/__init__.py:44]
2016-10-15 21:22:29,879 INFO: growberry_web startup [in /Users/austinmeier/Documents/pythoncode/growberry_web/app/__init__.py:45]
2016-10-15 21:24:18,427 INFO: growberry_web startup [in /Users/austinmeier/Documents/pythoncode/growberry_web/app/__init__.py:45]
2016-10-15 21:24:18,946 INFO: growberry_web startup [in /Users/austinmeier/Documents/pythoncode/growberry_web/app/__init__.py:45]
2016-10-15 21:25:38,313 INFO: growberry_web startup [in /Users/austinmeier/Documents/pythoncode/growberry_web/app/__init__.py:45]
2016-10-15 21:27:01,599 INFO: growberry_web startup [in /Users/austinmeier/Documents/pythoncode/growberry_web/app/__init__.py:45]
2016-10-15 21:27:10,511 INFO: growberry_web startup [in /Users/austinmeier/Documents/pythoncode/growberry_web/app/__init__.py:45]
2016-10-15 21:27:10,870 INFO: growberry_web startup [in /Users/austinmeier/Documents/pythoncode/growberry_web/app/__init__.py:45]
2016-10-15 21:57:11,163 INFO: growberry_web startup [in /Users/austinmeier/Documents/pythoncode/growberry_web/app/__init__.py:45]
2016-10-15 22:13:59,327 INFO: growberry_web startup [in /Users/austinmeier/Documents/pythoncode/growberry_web/app/__init__.py:45]
2016-10-15 22:13:59,829 INFO: growberry_web startup [in /Users/austinmeier/Documents/pythoncode/growberry_web/app/__init__.py:45]
2016-10-15 22:30:43,896 INFO: growberry_web startup [in /Users/austinmeier/Documents/pythoncode/growberry_web/app/__init__.py:45]
2016-10-15 23:05:44,575 INFO: growberry_web startup [in /Users/austinmeier/Documents/pythoncode/growberry_web/app/__init__.py:44]
2016-10-15 23:06:09,843 INFO: growberry_web startup [in /Users/austinmeier/Documents/pythoncode/growberry_web/app/__init__.py:44]
2016-10-15 23:06:35,504 INFO: growberry_web startup [in /Users/austinmeier/Documents/pythoncode/growberry_web/app/__init__.py:44]
2016-10-15 23:16:49,072 INFO: growberry_web startup [in /Users/austinmeier/Documents/pythoncode/growberry_web/app/__init__.py:44]
2016-10-15 23:16:49,651 INFO: growberry_web startup [in /Users/austinmeier/Documents/pythoncode/growberry_web/app/__init__.py:44]
2016-10-15 23:31:01,233 INFO: growberry_web startup [in /Users/austinmeier/Documents/pythoncode/growberry_web/app/__init__.py:44]
2016-10-15 23:31:01,748 INFO: growberry_web startup [in /Users/austinmeier/Documents/pythoncode/growberry_web/app/__init__.py:44]
2016-10-15 23:31:57,234 INFO: growberry_web startup [in /Users/austinmeier/Documents/pythoncode/growberry_web/app/__init__.py:44]
2016-10-15 23:31:57,717 INFO: growberry_web startup [in /Users/austinmeier/Documents/pythoncode/growberry_web/app/__init__.py:44]
2016-10-15 23:49:25,158 INFO: growberry_web startup [in /Users/austinmeier/Documents/pythoncode/growberry_web/app/__init__.py:44]
2016-10-15 23:55:53,384 INFO: growberry_web startup [in /Users/austinmeier/Documents/pythoncode/growberry_web/app/__init__.py:44]
2016-10-16 00:16:00,480 INFO: growberry_web startup [in /Users/austinmeier/Documents/pythoncode/growberry_web/app/__init__.py:44]
2016-10-16 00:16:01,049 INFO: growberry_web startup [in /Users/austinmeier/Documents/pythoncode/growberry_web/app/__init__.py:44]
2016-10-16 00:43:12,870 INFO: growberry_web startup [in /Users/austinmeier/Documents/pythoncode/growberry_web/app/__init__.py:44]
2016-10-16 00:43:13,408 INFO: growberry_web startup [in /Users/austinmeier/Documents/pythoncode/growberry_web/app/__init__.py:44]
2016-10-16 00:45:13,990 INFO: growberry_web startup [in /Users/austinmeier/Documents/pythoncode/growberry_web/app/__init__.py:44]
2016-10-16 00:45:14,466 INFO: growberry_web startup [in /Users/austinmeier/Documents/pythoncode/growberry_web/app/__init__.py:44]
2016-10-16 00:54:23,733 INFO: growberry_web startup [in /Users/austinmeier/Documents/pythoncode/growberry_web/app/__init__.py:44]
2016-10-16 01:10:07,288 INFO: growberry_web startup [in /Users/austinmeier/Documents/pythoncode/growberry_web/app/__init__.py:44]
2016-10-16 01:10:07,843 INFO: growberry_web startup [in /Users/austinmeier/Documents/pythoncode/growberry_web/app/__init__.py:44]
2016-10-16 01:11:27,419 INFO: growberry_web startup [in /Users/austinmeier/Documents/pythoncode/growberry_web/app/__init__.py:44]
2016-10-16 01:11:36,840 INFO: growberry_web startup [in /Users/austinmeier/Documents/pythoncode/growberry_web/app/__init__.py:44]
2016-10-16 01:11:37,316 INFO: growberry_web startup [in /Users/austinmeier/Documents/pythoncode/growberry_web/app/__init__.py:44]
2016-10-16 01:15:41,612 INFO: growberry_web startup [in /Users/austinmeier/Documents/pythoncode/growberry_web/app/__init__.py:44]
2016-10-16 01:17:11,328 INFO: growberry_web startup [in /Users/austinmeier/Documents/pythoncode/growberry_web/app/__init__.py:44]
2016-10-16 01:22:20,314 INFO: growberry_web startup [in /Users/austinmeier/Documents/pythoncode/growberry_web/app/__init__.py:44]
2016-10-16 01:26:32,072 INFO: growberry_web startup [in /Users/austinmeier/Documents/pythoncode/growberry_web/app/__init__.py:44]
